<?xml version="1.0" encoding="UTF-8"?>
<!-- Generated by org.testng.reporters.JUnitReportReporter -->
<testsuite hostname="VINEETH" failures="0" tests="1" name="driverFactory.DriverScript" time="35.279" errors="0" timestamp="2024-10-10T13:51:12 IST" skipped="0">
  <testcase classname="driverFactory.DriverScript" name="start" time="35.279"/>
  <system-out>
    <![CDATA[No of rows are :: 7
Login success :: dashboard  http://webapp.qedgetech.com/dashboard.php
Incorrect user ID or password dashboard http://webapp.qedgetech.com/login.php
Login success :: dashboard  http://webapp.qedgetech.com/dashboard.php
Incorrect user ID or password dashboard http://webapp.qedgetech.com/login.php
Login success :: dashboard  http://webapp.qedgetech.com/dashboard.php
Login success :: dashboard  http://webapp.qedgetech.com/dashboard.php
Incorrect user ID or password dashboard http://webapp.qedgetech.com/login.php]]>
  </system-out>
</testsuite> <!-- driverFactory.DriverScript -->
